<?xml version="1.0" encoding="UTF-8"?>
<testsuite xmlns:xsi="http://www.w3.org/2001/XMLSchema-instance" xsi:noNamespaceSchemaLocation="https://maven.apache.org/surefire/maven-surefire-plugin/xsd/surefire-test-report.xsd" version="3.0.2" name="com.linkstash.controller.LinkControllerTest" time="4.233" tests="2" errors="0" skipped="0" failures="0">
  <properties>
[...]
</properties>
  <testcase name="getStats_returnsClickCount" classname="com.linkstash.controller.LinkControllerTest" time="0.596">
    <system-out><![CDATA[15:44:03.467 [main] INFO org.springframework.test.context.support.AnnotationConfigContextLoaderUtils -- Could not detect default configuration classes for test class [com.linkstash.controller.LinkControllerTest]: LinkControllerTest does not declare any static, non-private, non-final, nested classes annotated with @Configuration.
15:44:03.596 [main] INFO org.springframework.boot.test.context.SpringBootTestContextBootstrapper -- Found @SpringBootConfiguration com.linkstash.LinkStashApplication for test class com.linkstash.controller.LinkControllerTest

  .   ____          _            __ _ _
 /\\ / ___'_ __ _ _(_)_ __  __ _ \ \ \ \
( ( )\___ | '_ | '_| | '_ \/ _` | \ \ \ \
 \\/  ___)| |_)| | | | | || (_| |  ) ) ) )
  '  |____| .__|_| |_|_| |_\__, | / / / /
 =========|_|==============|___/=/_/_/_/

 :: Spring Boot ::                (v3.4.5)

2026-04-22T15:44:03.977+05:30  INFO 18680 --- [           main] c.l.controller.LinkControllerTest        : Starting LinkControllerTest using Java 25 with PID 18680 (started by urvvi in E:\repos\claude workflow demo\linkstash)
2026-04-22T15:44:03.978+05:30  INFO 18680 --- [           main] c.l.controller.LinkControllerTest        : No active profile set, falling back to 1 default profile: "default"
2026-04-22T15:44:04.474+05:30  INFO 18680 --- [           main] .s.d.r.c.RepositoryConfigurationDelegate : Bootstrapping Spring Data JPA repositories in DEFAULT mode.
2026-04-22T15:44:04.531+05:30  INFO 18680 --- [           main] .s.d.r.c.RepositoryConfigurationDelegate : Finished Spring Data repository scanning in 46 ms. Found 1 JPA repository interface.
2026-04-22T15:44:04.977+05:30  INFO 18680 --- [           main] com.zaxxer.hikari.HikariDataSource       : HikariPool-1 - Starting...
2026-04-22T15:44:05.125+05:30  INFO 18680 --- [           main] com.zaxxer.hikari.pool.HikariPool        : HikariPool-1 - Added connection conn0: url=jdbc:h2:mem:linkstash user=SA
2026-04-22T15:44:05.127+05:30  INFO 18680 --- [           main] com.zaxxer.hikari.HikariDataSource       : HikariPool-1 - Start completed.
2026-04-22T15:44:05.175+05:30  INFO 18680 --- [           main] org.flywaydb.core.FlywayExecutor         : Database: jdbc:h2:mem:linkstash (H2 2.3)
2026-04-22T15:44:05.179+05:30  WARN 18680 --- [           main] o.f.c.internal.database.base.Database    : Flyway upgrade recommended: H2 2.3.232 is newer than this version of Flyway and support has not been tested. The latest supported version of H2 is 2.2.224.
2026-04-22T15:44:05.199+05:30  INFO 18680 --- [           main] o.f.c.i.s.JdbcTableSchemaHistory         : Schema history table "PUBLIC"."flyway_schema_history" does not exist yet
2026-04-22T15:44:05.202+05:30  INFO 18680 --- [           main] o.f.core.internal.command.DbValidate     : Successfully validated 1 migration (execution time 00:00.013s)
2026-04-22T15:44:05.208+05:30  INFO 18680 --- [           main] o.f.c.i.s.JdbcTableSchemaHistory         : Creating Schema History table "PUBLIC"."flyway_schema_history" ...
2026-04-22T15:44:05.230+05:30  INFO 18680 --- [           main] o.f.core.internal.command.DbMigrate      : Current version of schema "PUBLIC": << Empty Schema >>
2026-04-22T15:44:05.235+05:30  INFO 18680 --- [           main] o.f.core.internal.command.DbMigrate      : Migrating schema "PUBLIC" to version "1 - init"
2026-04-22T15:44:05.254+05:30  INFO 18680 --- [           main] o.f.core.internal.command.DbMigrate      : Successfully applied 1 migration to schema "PUBLIC", now at version v1 (execution time 00:00.011s)
2026-04-22T15:44:05.341+05:30  INFO 18680 --- [           main] o.hibernate.jpa.internal.util.LogHelper  : HHH000204: Processing PersistenceUnitInfo [name: default]
2026-04-22T15:44:05.384+05:30  INFO 18680 --- [           main] org.hibernate.Version                    : HHH000412: Hibernate ORM core version 6.6.13.Final
2026-04-22T15:44:05.414+05:30  INFO 18680 --- [           main] o.h.c.internal.RegionFactoryInitiator    : HHH000026: Second-level cache disabled
2026-04-22T15:44:05.659+05:30  INFO 18680 --- [           main] o.s.o.j.p.SpringPersistenceUnitInfo      : No LoadTimeWeaver setup: ignoring JPA class transformer
2026-04-22T15:44:05.721+05:30  INFO 18680 --- [           main] org.hibernate.orm.connections.pooling    : HHH10001005: Database info:
	Database JDBC URL [Connecting through datasource 'HikariDataSource (HikariPool-1)']
	Database driver: undefined/unknown
	Database version: 2.3.232
	Autocommit mode: undefined/unknown
	Isolation level: undefined/unknown
	Minimum pool size: undefined/unknown
	Maximum pool size: undefined/unknown
2026-04-22T15:44:06.276+05:30  INFO 18680 --- [           main] o.h.e.t.j.p.i.JtaPlatformInitiator       : HHH000489: No JTA platform available (set 'hibernate.transaction.jta.platform' to enable JTA platform integration)
2026-04-22T15:44:06.291+05:30  INFO 18680 --- [           main] j.LocalContainerEntityManagerFactoryBean : Initialized JPA EntityManagerFactory for persistence unit 'default'
2026-04-22T15:44:06.635+05:30  WARN 18680 --- [           main] JpaBaseConfiguration$JpaWebConfiguration : spring.jpa.open-in-view is enabled by default. Therefore, database queries may be performed during view rendering. Explicitly configure spring.jpa.open-in-view to disable this warning
2026-04-22T15:44:06.898+05:30  INFO 18680 --- [           main] o.s.b.a.h2.H2ConsoleAutoConfiguration    : H2 console available at '/h2-console'. Database available at 'jdbc:h2:mem:linkstash'
2026-04-22T15:44:06.943+05:30  INFO 18680 --- [           main] o.s.b.t.m.w.SpringBootMockServletContext : Initializing Spring TestDispatcherServlet ''
2026-04-22T15:44:06.944+05:30  INFO 18680 --- [           main] o.s.t.web.servlet.TestDispatcherServlet  : Initializing Servlet ''
2026-04-22T15:44:06.945+05:30  INFO 18680 --- [           main] o.s.t.web.servlet.TestDispatcherServlet  : Completed initialization in 1 ms
2026-04-22T15:44:06.975+05:30  INFO 18680 --- [           main] c.l.controller.LinkControllerTest        : Started LinkControllerTest in 3.269 seconds (process running for 4.077)
Hibernate: select l1_0.id from links l1_0 where l1_0.short_code=? fetch first ? rows only
Hibernate: insert into links (click_count,created_at,original_url,short_code,id) values (?,?,?,?,default)
Hibernate: select l1_0.id,l1_0.click_count,l1_0.created_at,l1_0.original_url,l1_0.short_code from links l1_0 where l1_0.short_code=?
]]></system-out>
    <system-err><![CDATA[Mockito is currently self-attaching to enable the inline-mock-maker. This will no longer work in future releases of the JDK. Please add Mockito as an agent to your build what is described in Mockito's documentation: https://javadoc.io/doc/org.mockito/mockito-core/latest/org/mockito/Mockito.html#0.3
WARNING: A Java agent has been loaded dynamically (C:\Users\urvvi\.m2\repository\net\bytebuddy\byte-buddy-agent\1.15.11\byte-buddy-agent-1.15.11.jar)
WARNING: If a serviceability tool is in use, please run with -XX:+EnableDynamicAgentLoading to hide this warning
WARNING: If a serviceability tool is not in use, please run with -Djdk.instrument.traceUsage for more information
WARNING: Dynamic loading of agents will be disallowed by default in a future release
]]></system-err>
  </testcase>
  <testcase name="createLink_returnsShortCode" classname="com.linkstash.controller.LinkControllerTest" time="0.01">
    <system-out><![CDATA[Hibernate: select l1_0.id from links l1_0 where l1_0.short_code=? fetch first ? rows only
Hibernate: insert into links (click_count,created_at,original_url,short_code,id) values (?,?,?,?,default)
]]></system-out>
  </testcase>
</testsuite>